0 info it worked if it ends with ok
1 verbose cli [ 'node', '/usr/local/bin/npm', 'publish' ]
2 info using npm@1.4.28
3 info using node@v0.10.32
4 verbose publish [ '.' ]
5 verbose cache add [ '.', null ]
6 verbose cache add name=undefined spec="." args=[".",null]
7 verbose parsed url { protocol: null,
7 verbose parsed url   slashes: null,
7 verbose parsed url   auth: null,
7 verbose parsed url   host: null,
7 verbose parsed url   port: null,
7 verbose parsed url   hostname: null,
7 verbose parsed url   hash: null,
7 verbose parsed url   search: null,
7 verbose parsed url   query: null,
7 verbose parsed url   pathname: '.',
7 verbose parsed url   path: '.',
7 verbose parsed url   href: '.' }
8 silly lockFile 3a52ce78- .
9 verbose lock . /Users/mark/.npm/3a52ce78-.lock
10 verbose tar pack [ '/Users/mark/.npm/webpack-cordova-plugin/0.1.4/package.tgz',
10 verbose tar pack   '.' ]
11 verbose tarball /Users/mark/.npm/webpack-cordova-plugin/0.1.4/package.tgz
12 verbose folder .
13 info prepublish webpack-cordova-plugin@0.1.4
14 silly lockFile 1f1177db-tar tar://.
15 verbose lock tar://. /Users/mark/.npm/1f1177db-tar.lock
16 silly lockFile cf7df6a7-cordova-plugin-0-1-4-package-tgz tar:///Users/mark/.npm/webpack-cordova-plugin/0.1.4/package.tgz
17 verbose lock tar:///Users/mark/.npm/webpack-cordova-plugin/0.1.4/package.tgz /Users/mark/.npm/cf7df6a7-cordova-plugin-0-1-4-package-tgz.lock
18 silly lockFile 1f1177db-tar tar://.
19 silly lockFile 1f1177db-tar tar://.
20 silly lockFile cf7df6a7-cordova-plugin-0-1-4-package-tgz tar:///Users/mark/.npm/webpack-cordova-plugin/0.1.4/package.tgz
21 silly lockFile cf7df6a7-cordova-plugin-0-1-4-package-tgz tar:///Users/mark/.npm/webpack-cordova-plugin/0.1.4/package.tgz
22 silly lockFile 690f4f00-ack-cordova-plugin-0-1-4-package /Users/mark/.npm/webpack-cordova-plugin/0.1.4/package
23 verbose lock /Users/mark/.npm/webpack-cordova-plugin/0.1.4/package /Users/mark/.npm/690f4f00-ack-cordova-plugin-0-1-4-package.lock
24 silly lockFile 690f4f00-ack-cordova-plugin-0-1-4-package /Users/mark/.npm/webpack-cordova-plugin/0.1.4/package
25 silly lockFile 690f4f00-ack-cordova-plugin-0-1-4-package /Users/mark/.npm/webpack-cordova-plugin/0.1.4/package
26 silly lockFile 3a52ce78- .
27 silly lockFile 3a52ce78- .
28 silly publish { name: 'webpack-cordova-plugin',
28 silly publish   version: '0.1.4',
28 silly publish   author: { name: 'Mark Marijnissen' },
28 silly publish   description: 'webpack output to a cordova project',
28 silly publish   repository:
28 silly publish    { type: 'git',
28 silly publish      url: 'git@github.com:markmarijnissen/webpack-cordova-plugin.git' },
28 silly publish   licenses:
28 silly publish    [ { type: 'MIT',
28 silly publish        url: 'http://www.opensource.org/licenses/mit-license.php' } ],
28 silly publish   bugs: { url: 'https://github.com/markmarijnissenwebpack-cordova-plugin/issues' },
28 silly publish   homepage: 'https://github.com/markmarijnissen/webpack-cordova-plugin',
28 silly publish   dependencies: { mkdirp: '^0.5.0', optimist: '^0.6.1', replace: '^0.2.9' },
28 silly publish   peerDependencies: { 'script-loader': '*' },
28 silly publish   readme: '# webpack-cordova-plugin\n> Output webpack to a Cordova app.\n\n## Usage\n\n```js\nvar CordovaPlugin = require(\'webpack-cordova-plugin\');\n\nnew CordovaPlugin({\n  config: \'config.xml\',  // Location of Cordova\' config.xml (will be created if not found)\n  src: \'index.html\',     // Set entry-point of cordova in config.xml\n  platform: \'ios\', (or \'android\') // Set `webpack-dev-server` to correct `contentBase` to use Cordova plugins.\n  version: true,         // Set config.xml\' version. (true = use version from package.json)\n});\n```\n\n## Getting started\n\n1. Install `cordova` and the `webpack-cordova-plugin`\n\n  ```bash\n  npm install -g cordova \n  npm install --save-dev webpack-cordova-plugin\n  ```\n\n2. Add the plugin to your `webpack.config.js`\n\n3. Run `webpack`. It wil automatically create the Cordova `config.xml`.\n\n4. Modify the app bundle ID in `config.xml` \n\n5. Launch cordova!\n\n   ```bash\n   cordova platforms add ios # or android\n   cordova run ios\n   ```\n\n## Load Cordova\n\nIn order for Cordova to load correctly, your `index.html` must explictly refer to the `cordova.js` script.\n\n1. Create an `index.html` and make sure this is copied to your output:\n   ```js\n   require(\'file?name=index.html!./index.html\');\n   ```\n\n2. Include the `cordova.js` script in your index.html:\n    ```js\n    <script type="text/javascript" src="cordova.js"></script>\n    ```\n\n## Under the hood\n\n* `--output-path` is set to the correct `www` directory.\n* `cordova.js` is declared as external.\n* `cordova.js` is loaded as script.\n* `config.xml` is updated (version and entry-point)\n* `--content-base` is updated to the correct platform (e.g. `/platforms/android/assets/www`)\n\n## Changelog\n\n#### 0.1.3 (31/10/2014)\n\n* Enabled `platform` configuration and commandline option to set correct content base of dev server.\n* Cordova is installed in `process.cwd()` rather than the `context`.\n\n#### 0.1.2 (06/08/2014)\n\n* added `www` as required cordova directory\n\n#### 0.1.1 (05/08/2014)\n\n* Added `script-loader` as peer dependency.\n\n#### 0.1.0 (05/08/2014)\n',
28 silly publish   readmeFilename: 'README.md',
28 silly publish   gitHead: 'afb437568dee8bc57d3a1dafcd181182eda84f81',
28 silly publish   _id: 'webpack-cordova-plugin@0.1.4',
28 silly publish   scripts: {},
28 silly publish   _shasum: '680d688304405b54e29588699ca52ae31a7f4360',
28 silly publish   _from: '.' }
29 verbose request where is /webpack-cordova-plugin
30 verbose request registry https://registry.npmjs.org/
31 verbose request id f3bc16ac5cdea367
32 verbose url raw /webpack-cordova-plugin
33 verbose url resolving [ 'https://registry.npmjs.org/', './webpack-cordova-plugin' ]
34 verbose url resolved https://registry.npmjs.org/webpack-cordova-plugin
35 verbose request where is https://registry.npmjs.org/webpack-cordova-plugin
36 info trying registry request attempt 1 at 16:39:58
37 http PUT https://registry.npmjs.org/webpack-cordova-plugin
38 http 403 https://registry.npmjs.org/webpack-cordova-plugin
39 verbose headers { date: 'Fri, 31 Oct 2014 15:40:00 GMT',
39 verbose headers   server: 'CouchDB/1.5.0 (Erlang OTP/R16B03)',
39 verbose headers   'content-type': 'application/json',
39 verbose headers   'cache-control': 'max-age=60',
39 verbose headers   'content-length': '5021',
39 verbose headers   'accept-ranges': 'bytes',
39 verbose headers   via: '1.1 varnish',
39 verbose headers   'x-served-by': 'cache-lcy1134-LCY',
39 verbose headers   'x-cache': 'MISS',
39 verbose headers   'x-cache-hits': '0',
39 verbose headers   'x-timer': 'S1414769999.985969,VS0,VE740',
39 verbose headers   'keep-alive': 'timeout=10, max=50',
39 verbose headers   connection: 'Keep-Alive' }
40 error publish Failed PUT 403
41 error Error: forbidden cannot modify pre-existing version: 0.1.4
41 error old={"name":"webpack-cordova-plugin","version":"0.1.4","author":{"name":"Mark Marijnissen"},"description":"webpack output to a cordova project","repository":{"type":"git","url":"git@github.com:markmarijnissen/webpack-cordova-plugin.git"},"licenses":[{"type":"MIT","url":"http://www.opensource.org/licenses/mit-license.php"}],"bugs":{"url":"https://github.com/markmarijnissenwebpack-cordova-plugin/issues"},"homepage":"https://github.com/markmarijnissen/webpack-cordova-plugin","dependencies":{"mkdirp":"^0.5.0","optimist":"^0.6.1","replace":"^0.2.9"},"peerDependencies":{"script-loader":"*"},"gitHead":"2d9eb93abfac069648e2c805a7615998a572084e","_id":"webpack-cordova-plugin@0.1.4","scripts":{},"_shasum":"8b3339d8dfc75b55664429d1ddd923d42710790f","_from":".","_npmVersion":"1.4.28","_npmUser":{"name":"markmarijnissen","email":"info@madebymark.nl"},"maintainers":[{"name":"markmarijnissen","email":"info@madebymark.nl"}],"dist":{"shasum":"8b3339d8dfc75b55664429d1ddd923d42710790f","tarball":"http://registry.npmjs.org/webpack-cordova-plugin/-/webpack-cordova-plugin-0.1.4.tgz"}}
41 error new={"name":"webpack-cordova-plugin","version":"0.1.4","author":{"name":"Mark Marijnissen"},"description":"webpack output to a cordova project","repository":{"type":"git","url":"git@github.com:markmarijnissen/webpack-cordova-plugin.git"},"licenses":[{"type":"MIT","url":"http://www.opensource.org/licenses/mit-license.php"}],"bugs":{"url":"https://github.com/markmarijnissenwebpack-cordova-plugin/issues"},"homepage":"https://github.com/markmarijnissen/webpack-cordova-plugin","dependencies":{"mkdirp":"^0.5.0","optimist":"^0.6.1","replace":"^0.2.9"},"peerDependencies":{"script-loader":"*"},"readme":"# webpack-cordova-plugin\u000a> Output webpack to a Cordova app.\u000a\u000a## Usage\u000a\u000a```js\u000avar CordovaPlugin = require('webpack-cordova-plugin');\u000a\u000anew CordovaPlugin({\u000a  config: 'config.xml',  // Location of Cordova' config.xml (will be created if not found)\u000a  src: 'index.html',     // Set entry-point of cordova in config.xml\u000a  platform: 'ios', (or 'android') // Set `webpack-dev-server` to correct `contentBase` to use Cordova plugins.\u000a  version: true,         // Set config.xml' version. (true = use version from package.json)\u000a});\u000a```\u000a\u000a## Getting started\u000a\u000a1. Install `cordova` and the `webpack-cordova-plugin`\u000a\u000a  ```bash\u000a  npm install -g cordova \u000a  npm install --save-dev webpack-cordova-plugin\u000a  ```\u000a\u000a2. Add the plugin to your `webpack.config.js`\u000a\u000a3. Run `webpack`. It wil automatically create the Cordova `config.xml`.\u000a\u000a4. Modify the app bundle ID in `config.xml` \u000a\u000a5. Launch cordova!\u000a\u000a   ```bash\u000a   cordova platforms add ios # or android\u000a   cordova run ios\u000a   ```\u000a\u000a## Load Cordova\u000a\u000aIn order for Cordova to load correctly, your `index.html` must explictly refer to the `cordova.js` script.\u000a\u000a1. Create an `index.html` and make sure this is copied to your output:\u000a   ```js\u000a   require('file?name=index.html!./index.html');\u000a   ```\u000a\u000a2. Include the `cordova.js` script in your index.html:\u000a    ```js\u000a    <script type=\"text/javascript\" src=\"cordova.js\"></script>\u000a    ```\u000a\u000a## Under the hood\u000a\u000a* `--output-path` is set to the correct `www` directory.\u000a* `cordova.js` is declared as external.\u000a* `cordova.js` is loaded as script.\u000a* `config.xml` is updated (version and entry-point)\u000a* `--content-base` is updated to the correct platform (e.g. `/platforms/android/assets/www`)\u000a\u000a## Changelog\u000a\u000a#### 0.1.3 (31/10/2014)\u000a\u000a* Enabled `platform` configuration and commandline option to set correct content base of dev server.\u000a* Cordova is installed in `process.cwd()` rather than the `context`.\u000a\u000a#### 0.1.2 (06/08/2014)\u000a\u000a* added `www` as required cordova directory\u000a\u000a#### 0.1.1 (05/08/2014)\u000a\u000a* Added `script-loader` as peer dependency.\u000a\u000a#### 0.1.0 (05/08/2014)\u000a","readmeFilename":"README.md","gitHead":"afb437568dee8bc57d3a1dafcd181182eda84f81","_id":"webpack-cordova-plugin@0.1.4","scripts":{},"_shasum":"680d688304405b54e29588699ca52ae31a7f4360","_from":".","_npmVersion":"1.4.28","_npmUser":{"name":"markmarijnissen","email":"info@madebymark.nl"},"maintainers":[{"name":"markmarijnissen","email":"info@madebymark.nl"}],"dist":{"shasum":"680d688304405b54e29588699ca52ae31a7f4360","tarball":"http://registry.npmjs.org/webpack-cordova-plugin/-/webpack-cordova-plugin-0.1.4.tgz"}}: webpack-cordova-plugin
41 error     at RegClient.<anonymous> (/usr/local/lib/node_modules/npm/node_modules/npm-registry-client/lib/request.js:308:14)
41 error     at Request._callback (/usr/local/lib/node_modules/npm/node_modules/npm-registry-client/lib/request.js:246:65)
41 error     at Request.self.callback (/usr/local/lib/node_modules/npm/node_modules/request/request.js:236:22)
41 error     at Request.emit (events.js:98:17)
41 error     at Request.<anonymous> (/usr/local/lib/node_modules/npm/node_modules/request/request.js:1142:14)
41 error     at Request.emit (events.js:117:20)
41 error     at IncomingMessage.<anonymous> (/usr/local/lib/node_modules/npm/node_modules/request/request.js:1096:12)
41 error     at IncomingMessage.emit (events.js:117:20)
41 error     at _stream_readable.js:943:16
41 error     at process._tickCallback (node.js:419:13)
42 error If you need help, you may report this *entire* log,
42 error including the npm and node versions, at:
42 error     <http://github.com/npm/npm/issues>
43 error System Darwin 13.4.0
44 error command "node" "/usr/local/bin/npm" "publish"
45 error cwd /Users/mark/dev/webpack-cordova-plugin
46 error node -v v0.10.32
47 error npm -v 1.4.28
48 verbose exit [ 1, true ]
